SF:packages/ai_sdk_dart/lib/src/agent/tool_loop_agent.dart
DA:21,2
DA:32,1
DA:33,1
DA:53,5
DA:65,10
DA:66,1
DA:67,1
DA:88,4
DA:108,4
DA:109,4
DA:110,4
DA:113,4
DA:114,4
DA:115,4
DA:116,4
DA:128,4
DA:129,4
DA:131,4
DA:132,4
DA:141,1
DA:162,1
DA:163,1
DA:164,1
DA:167,1
DA:168,1
DA:169,1
DA:170,1
DA:172,1
DA:173,1
DA:175,1
DA:176,1
DA:198,2
DA:218,2
DA:219,2
DA:221,2
DA:222,2
DA:223,2
DA:224,6
DA:225,6
DA:226,2
DA:227,2
DA:228,2
DA:230,1
DA:233,2
DA:235,4
DA:236,4
DA:237,6
DA:238,4
DA:239,2
DA:240,2
DA:243,2
DA:244,1
DA:245,2
DA:248,1
DA:250,1
DA:254,2
DA:256,1
DA:257,1
DA:258,1
DA:259,2
DA:260,1
DA:261,2
DA:262,1
DA:263,1
DA:266,1
DA:267,1
DA:268,3
DA:270,0
DA:271,0
DA:272,0
DA:275,1
DA:276,1
DA:280,1
DA:281,0
DA:282,0
DA:285,1
DA:286,1
DA:289,1
DA:290,1
DA:291,1
DA:294,1
DA:295,1
DA:296,1
DA:298,1
DA:299,1
DA:300,1
DA:302,1
DA:303,1
DA:304,1
DA:305,1
DA:307,1
DA:310,1
DA:312,1
DA:313,1
DA:314,1
DA:315,1
DA:316,1
DA:321,1
DA:333,4
DA:336,0
LF:100
LH:94
end_of_record
SF:packages/ai_sdk_dart/lib/src/core/embed.dart
DA:12,5
DA:32,7
DA:40,7
DA:43,14
DA:44,7
DA:45,7
DA:53,12
DA:55,10
DA:56,5
DA:57,5
DA:58,5
DA:59,5
LF:12
LH:12
end_of_record
SF:packages/ai_sdk_dart/lib/src/core/embed_many.dart
DA:15,63
DA:26,6
DA:52,9
DA:62,5
DA:63,1
DA:69,8
DA:70,16
DA:71,4
DA:72,0
DA:79,8
DA:80,8
DA:83,5
DA:84,2
DA:87,8
DA:89,8
DA:91,8
DA:92,16
DA:93,8
DA:94,8
DA:98,8
DA:101,7
DA:109,8
DA:110,24
DA:111,36
DA:112,16
DA:114,8
DA:115,8
DA:120,8
DA:121,16
DA:122,8
DA:124,22
DA:132,16
DA:134,6
DA:135,8
DA:136,24
DA:140,6
DA:143,12
DA:145,6
DA:146,12
DA:147,6
DA:148,18
DA:151,6
DA:153,2
DA:154,2
DA:158,6
DA:160,2
DA:163,8
LF:47
LH:46
end_of_record
SF:packages/ai_sdk_dart/lib/src/core/generate_image.dart
DA:13,2
DA:18,1
DA:19,2
DA:22,2
DA:38,3
DA:50,3
DA:53,6
DA:54,3
DA:67,4
DA:71,6
DA:75,1
DA:76,1
LF:12
LH:12
end_of_record
SF:packages/ai_sdk_dart/lib/src/core/generate_object.dart
DA:17,3
DA:45,3
DA:60,3
DA:64,3
DA:66,3
DA:68,6
DA:70,2
DA:73,3
DA:76,3
DA:79,3
DA:80,3
DA:81,3
DA:82,3
DA:83,3
DA:92,3
DA:96,3
DA:97,3
DA:98,9
DA:99,3
DA:101,3
DA:102,3
DA:103,3
DA:104,3
DA:108,1
DA:111,2
DA:112,1
DA:119,1
DA:120,1
DA:124,3
DA:127,3
DA:128,3
DA:129,3
DA:130,3
DA:131,3
DA:132,3
DA:133,3
DA:135,1
DA:136,3
DA:138,3
DA:140,1
DA:141,2
DA:142,2
DA:143,2
DA:144,2
DA:145,3
DA:147,3
DA:150,1
DA:155,0
DA:156,0
DA:157,0
DA:158,0
DA:159,0
DA:160,0
LF:53
LH:47
end_of_record
SF:packages/ai_sdk_dart/lib/src/core/generate_speech.dart
DA:12,1
DA:24,2
DA:35,2
DA:38,4
DA:39,2
DA:50,2
DA:53,3
LF:7
LH:7
end_of_record
SF:packages/ai_sdk_dart/lib/src/core/generate_text.dart
DA:60,7
DA:86,5
DA:105,28
DA:124,5
DA:145,37
DA:160,37
DA:173,4
DA:194,4
DA:213,4
DA:226,4
DA:246,39
DA:270,0
DA:271,26
DA:272,78
DA:273,0
DA:275,37
DA:276,111
DA:277,74
DA:278,37
DA:279,37
DA:280,37
DA:281,111
DA:282,74
DA:283,37
DA:284,37
DA:285,111
DA:286,3
DA:287,3
DA:288,0
DA:297,28
DA:350,6
DA:394,30
DA:446,30
DA:447,1
DA:453,30
DA:456,30
DA:457,60
DA:458,60
DA:459,32
DA:460,1
DA:463,30
DA:465,2
DA:467,60
DA:469,30
DA:470,30
DA:471,30
DA:476,30
DA:478,30
DA:481,30
DA:482,30
DA:483,30
DA:484,30
DA:485,30
DA:492,60
DA:493,29
DA:494,30
DA:495,30
DA:497,29
DA:499,58
DA:501,8
DA:504,30
DA:511,30
DA:513,30
DA:514,33
DA:515,3
DA:517,3
DA:520,3
DA:527,30
DA:528,30
DA:532,30
DA:533,30
DA:534,30
DA:539,45
DA:540,30
DA:541,60
DA:542,30
DA:543,36
DA:544,6
DA:547,6
DA:548,6
DA:558,4
DA:562,4
DA:563,30
DA:564,30
DA:565,4
DA:566,4
DA:568,30
DA:569,87
DA:571,0
DA:576,30
DA:578,4
DA:579,30
DA:581,4
DA:582,30
DA:584,30
DA:589,30
DA:590,33
DA:591,3
DA:594,3
DA:595,3
DA:601,30
DA:602,30
DA:603,30
DA:606,30
DA:607,90
DA:608,32
DA:609,16
DA:610,32
DA:611,48
DA:612,32
DA:613,32
DA:614,18
DA:615,16
DA:618,30
DA:620,30
DA:631,30
DA:632,30
DA:635,30
DA:636,60
DA:638,30
DA:639,2
DA:640,30
DA:642,2
DA:643,30
DA:644,4
DA:645,30
DA:646,30
DA:647,95
DA:649,2
DA:651,2
DA:652,6
DA:653,2
DA:660,30
DA:661,60
DA:662,30
DA:663,30
DA:668,30
DA:669,30
DA:670,30
DA:671,30
DA:672,30
DA:673,30
DA:674,30
DA:675,60
DA:677,30
DA:679,30
DA:684,60
DA:686,30
DA:688,48
DA:689,16
DA:690,16
DA:693,16
DA:694,32
DA:695,16
DA:699,16
DA:700,16
DA:701,16
DA:702,1
DA:703,16
DA:705,2
DA:708,0
DA:720,28
DA:721,14
DA:722,10
DA:723,10
DA:725,14
DA:726,28
DA:731,30
DA:732,14
DA:734,14
DA:739,28
DA:742,30
DA:743,30
DA:744,30
DA:747,30
DA:748,60
DA:751,30
DA:752,30
DA:755,30
DA:756,30
DA:758,30
DA:760,30
DA:761,32
DA:762,2
DA:765,2
DA:766,2
DA:767,2
DA:768,2
DA:774,30
DA:775,30
DA:776,88
DA:777,30
DA:779,30
DA:780,59
DA:781,30
DA:790,30
DA:791,60
DA:792,30
DA:793,30
DA:796,30
DA:797,30
DA:799,29
DA:800,112
DA:802,84
DA:803,28
DA:805,84
DA:806,28
DA:808,84
DA:809,28
DA:811,84
DA:812,28
DA:814,84
DA:815,28
DA:817,84
DA:818,28
DA:819,28
DA:820,28
DA:821,28
DA:822,36
DA:824,28
DA:825,28
DA:826,36
DA:827,28
DA:828,28
DA:833,28
DA:836,28
DA:837,28
DA:838,28
DA:839,28
DA:840,28
DA:843,28
DA:844,28
DA:845,84
DA:847,28
DA:848,28
DA:849,84
DA:851,28
DA:852,28
DA:855,28
DA:856,28
DA:857,28
DA:858,28
DA:860,28
DA:861,4
DA:862,8
DA:864,28
DA:865,28
DA:868,28
DA:873,28
DA:876,28
DA:877,28
DA:878,28
DA:879,28
DA:882,28
DA:883,33
DA:884,5
DA:885,5
DA:886,5
DA:887,10
DA:888,5
DA:889,5
DA:890,5
DA:891,5
DA:895,56
DA:896,28
DA:899,28
DA:901,38
DA:903,28
DA:905,38
DA:908,84
DA:909,84
DA:910,28
DA:911,28
DA:913,56
DA:914,28
DA:916,84
DA:917,84
DA:918,28
DA:919,28
DA:921,28
DA:923,28
DA:927,16
DA:928,32
DA:929,16
DA:931,32
DA:932,16
DA:936,16
DA:941,16
DA:942,16
DA:943,16
DA:945,30
DA:949,30
DA:952,30
DA:953,30
DA:954,30
DA:955,30
DA:956,30
DA:957,30
DA:958,30
DA:960,5
DA:961,13
DA:963,30
DA:965,5
DA:966,10
DA:967,10
DA:968,10
DA:969,10
DA:970,13
DA:972,30
DA:975,28
DA:980,5
DA:981,5
DA:982,5
DA:983,5
DA:984,5
DA:985,9
DA:988,30
DA:989,150
LF:318
LH:313
end_of_record
SF:packages/ai_sdk_dart/lib/src/core/body_inclusion.dart
DA:6,1
DA:12,63
DA:17,6
DA:29,26
DA:30,52
DA:31,6
DA:32,6
DA:33,6
DA:34,6
DA:35,6
DA:36,6
DA:37,6
DA:38,6
LF:13
LH:13
end_of_record
SF:packages/ai_sdk_dart/lib/src/core/stream_text.dart
DA:48,29
DA:108,29
DA:109,1
DA:115,29
DA:118,29
DA:119,58
DA:120,58
DA:121,31
DA:122,0
DA:125,58
DA:127,29
DA:128,29
DA:129,29
DA:134,29
DA:136,29
DA:139,29
DA:140,29
DA:141,29
DA:142,29
DA:143,29
DA:149,26
DA:150,29
DA:151,29
DA:153,22
DA:155,44
DA:157,8
DA:160,29
DA:167,29
DA:169,5
DA:171,29
DA:173,29
DA:174,29
DA:175,29
DA:176,29
DA:177,29
DA:179,29
DA:180,29
DA:181,29
DA:182,29
DA:183,29
DA:184,29
DA:185,29
DA:186,29
DA:188,29
DA:189,29
DA:191,29
DA:192,29
DA:193,29
DA:194,29
DA:195,29
DA:196,29
DA:197,29
DA:198,29
DA:199,29
DA:200,29
DA:201,29
DA:202,29
DA:209,29
DA:212,2
DA:215,29
DA:216,29
DA:217,29
DA:218,29
DA:219,29
DA:220,29
DA:221,29
DA:222,29
DA:223,29
DA:224,29
DA:225,29
DA:226,29
DA:227,29
DA:228,29
DA:229,29
DA:230,29
DA:231,29
DA:232,29
DA:233,29
DA:234,29
DA:235,29
DA:236,29
DA:237,29
DA:238,29
DA:243,3
DA:245,1
DA:250,58
DA:251,58
DA:252,29
DA:253,29
DA:254,29
DA:255,29
DA:256,5
DA:258,29
DA:259,29
DA:262,29
DA:267,29
DA:269,29
DA:270,31
DA:271,2
DA:273,2
DA:276,2
DA:283,58
DA:284,29
DA:286,29
DA:287,29
DA:288,29
DA:292,40
DA:293,29
DA:294,58
DA:295,58
DA:297,29
DA:298,31
DA:299,2
DA:302,2
DA:304,2
DA:312,2
DA:316,2
DA:317,29
DA:318,29
DA:319,2
DA:320,2
DA:322,29
DA:323,72
DA:325,0
DA:331,2
DA:332,29
DA:334,2
DA:335,29
DA:337,29
DA:342,29
DA:343,31
DA:344,2
DA:347,2
DA:348,2
DA:353,29
DA:354,29
DA:355,29
DA:361,29
DA:362,87
DA:363,26
DA:364,13
DA:365,26
DA:366,39
DA:367,26
DA:368,26
DA:369,15
DA:370,13
DA:373,29
DA:375,29
DA:386,29
DA:387,29
DA:388,29
DA:391,58
DA:392,58
DA:393,29
DA:394,58
DA:396,29
DA:397,5
DA:398,29
DA:400,5
DA:401,29
DA:402,4
DA:403,29
DA:404,29
DA:405,29
DA:406,57
DA:407,56
DA:409,6
DA:410,0
DA:411,0
DA:413,3
DA:415,5
DA:417,29
DA:419,5
DA:422,5
DA:424,5
DA:425,15
DA:426,5
DA:435,28
DA:436,9
DA:438,28
DA:439,9
DA:441,56
DA:442,28
DA:444,28
DA:445,28
DA:446,28
DA:447,28
DA:448,28
DA:449,28
DA:450,28
DA:451,28
DA:454,3
DA:456,3
DA:457,6
DA:458,3
DA:459,3
DA:465,28
DA:466,56
DA:470,28
DA:471,56
DA:473,28
DA:475,4
DA:476,28
DA:477,4
DA:478,28
DA:480,4
DA:482,4
DA:486,28
DA:487,56
DA:491,28
DA:493,28
DA:495,56
DA:498,28
DA:500,26
DA:501,28
DA:503,31
DA:504,3
DA:505,6
DA:506,2
DA:511,54
DA:512,52
DA:513,52
DA:514,82
DA:516,29
DA:517,27
DA:521,27
DA:522,27
DA:523,27
DA:525,27
DA:526,27
DA:530,27
DA:531,27
DA:532,27
DA:533,27
DA:534,27
DA:536,4
DA:537,4
DA:540,27
DA:542,5
DA:548,10
DA:549,5
DA:551,5
DA:553,5
DA:555,5
DA:556,5
DA:557,5
DA:558,6
DA:561,5
DA:562,3
DA:563,3
DA:564,2
DA:565,2
DA:566,2
DA:569,26
DA:570,5
DA:573,5
DA:575,5
DA:576,5
DA:581,5
DA:582,5
DA:584,5
DA:591,27
DA:593,54
DA:594,52
DA:595,52
DA:596,52
DA:597,40
DA:599,6
DA:600,6
DA:601,6
DA:602,6
DA:607,28
DA:608,8
DA:609,8
DA:610,8
DA:612,11
DA:613,6
DA:614,3
DA:616,8
DA:617,8
DA:618,8
DA:624,2
DA:625,28
DA:626,6
DA:627,6
DA:628,6
DA:630,6
DA:631,6
DA:632,6
DA:637,6
DA:638,6
DA:644,33
DA:645,5
DA:646,10
DA:647,2
DA:648,30
DA:649,2
DA:650,2
DA:651,2
DA:653,0
DA:654,32
DA:655,4
DA:656,8
DA:657,2
DA:658,30
DA:659,2
DA:660,4
DA:661,0
DA:662,28
DA:663,0
DA:664,0
DA:665,50
DA:666,22
DA:667,11
DA:668,11
DA:672,11
DA:673,1
DA:674,2
DA:675,2
DA:680,42
DA:681,7
DA:685,7
DA:686,7
DA:688,7
DA:690,7
DA:692,7
DA:693,1
DA:694,1
DA:695,1
DA:697,1
DA:699,1
DA:702,39
DA:703,22
DA:704,11
DA:705,11
DA:706,11
DA:712,11
DA:713,1
DA:714,39
DA:715,33
DA:716,11
DA:717,11
DA:718,6
DA:719,32
DA:721,2
DA:722,2
DA:724,2
DA:725,2
DA:730,1
DA:731,1
DA:736,29
DA:737,1
DA:738,1
DA:739,38
DA:740,10
DA:741,30
DA:743,3
DA:744,27
DA:747,31
DA:749,27
DA:750,81
DA:751,12
DA:755,28
DA:756,28
DA:757,28
DA:760,28
DA:761,28
DA:762,4
DA:768,28
DA:771,27
DA:772,27
DA:773,3
DA:777,31
DA:778,12
DA:779,12
DA:782,27
DA:784,27
DA:785,27
DA:789,27
DA:791,27
DA:796,54
DA:798,27
DA:800,33
DA:801,11
DA:802,11
DA:805,11
DA:806,22
DA:807,11
DA:811,11
DA:812,11
DA:813,11
DA:814,1
DA:815,11
DA:817,2
DA:820,0
DA:830,3
DA:831,3
DA:832,3
DA:833,3
DA:834,3
DA:835,3
DA:838,3
DA:839,3
DA:844,1
DA:845,1
DA:855,20
DA:856,10
DA:858,10
DA:859,10
DA:860,10
DA:861,4
DA:862,4
DA:864,10
DA:865,20
DA:866,10
DA:867,10
DA:868,10
DA:872,3
DA:873,3
DA:874,3
DA:879,10
DA:880,2
DA:881,2
DA:882,2
DA:883,2
DA:884,2
DA:891,27
DA:892,11
DA:894,11
DA:899,22
DA:903,27
DA:904,79
DA:905,27
DA:911,27
DA:914,27
DA:915,27
DA:916,27
DA:917,27
DA:920,27
DA:926,27
DA:927,27
DA:929,27
DA:931,27
DA:932,27
DA:933,27
DA:934,27
DA:935,27
DA:936,27
DA:937,27
DA:939,27
DA:945,27
DA:946,27
DA:948,27
DA:951,56
DA:952,54
DA:954,27
DA:955,27
DA:956,27
DA:957,27
DA:958,27
DA:959,74
DA:960,27
DA:970,27
DA:971,79
DA:972,27
DA:973,54
DA:974,27
DA:975,27
DA:978,27
DA:981,26
DA:982,104
DA:984,78
DA:985,26
DA:987,78
DA:988,26
DA:990,78
DA:991,26
DA:993,78
DA:994,26
DA:996,78
DA:997,26
DA:999,78
DA:1000,26
DA:1002,78
DA:1003,26
DA:1005,78
DA:1006,26
DA:1007,26
DA:1008,26
DA:1009,26
DA:1010,26
DA:1011,26
DA:1012,26
DA:1013,25
DA:1015,26
DA:1016,7
DA:1017,14
DA:1019,26
DA:1020,26
DA:1021,26
DA:1022,26
DA:1024,26
DA:1025,26
DA:1026,52
DA:1027,52
DA:1029,26
DA:1033,26
DA:1034,26
DA:1036,26
DA:1047,26
DA:1050,26
DA:1051,26
DA:1054,26
DA:1055,26
DA:1056,26
DA:1058,26
DA:1059,26
DA:1060,26
DA:1061,26
DA:1062,26
DA:1066,26
DA:1070,26
DA:1071,26
DA:1072,56
DA:1073,52
DA:1074,26
DA:1076,26
DA:1077,26
DA:1078,26
DA:1079,52
DA:1080,52
DA:1081,26
DA:1082,52
DA:1083,26
DA:1084,26
DA:1086,52
DA:1087,26
DA:1088,26
DA:1090,26
DA:1091,26
DA:1093,26
DA:1094,26
DA:1096,52
DA:1097,26
DA:1098,26
DA:1100,26
DA:1101,26
DA:1102,52
DA:1103,52
DA:1104,26
DA:1105,26
DA:1106,26
DA:1107,26
DA:1108,26
DA:1111,14
DA:1113,14
DA:1116,14
DA:1117,31
DA:1118,14
DA:1120,14
DA:1121,14
DA:1122,14
DA:1123,14
DA:1124,14
DA:1125,14
DA:1126,14
DA:1127,14
DA:1128,14
DA:1129,14
DA:1133,14
DA:1134,14
DA:1135,14
DA:1136,14
DA:1140,14
DA:1141,14
DA:1142,14
DA:1143,14
DA:1144,14
DA:1145,14
DA:1146,14
DA:1151,14
DA:1152,1
DA:1154,14
DA:1155,3
DA:1157,14
DA:1158,6
DA:1160,14
DA:1161,2
DA:1163,14
DA:1164,3
DA:1167,29
DA:1168,29
DA:1169,29
DA:1170,29
DA:1171,29
DA:1172,29
DA:1175,87
DA:1180,58
DA:1181,78
DA:1182,104
DA:1184,40
DA:1185,26
DA:1187,14
DA:1189,52
DA:1190,26
DA:1191,26
DA:1193,52
DA:1194,26
DA:1196,52
DA:1197,26
DA:1198,26
DA:1199,26
DA:1202,14
DA:1203,19
DA:1204,14
DA:1206,28
DA:1207,14
DA:1211,14
DA:1216,14
DA:1217,14
DA:1221,29
DA:1222,29
DA:1223,12
DA:1224,1
DA:1225,1
DA:1226,1
DA:1228,1
DA:1230,29
DA:1231,29
DA:1232,2
DA:1233,0
DA:1234,0
DA:1237,29
DA:1240,29
DA:1241,29
DA:1242,4
DA:1243,1
DA:1244,1
DA:1246,29
DA:1247,29
DA:1248,4
DA:1249,0
DA:1250,0
DA:1252,29
DA:1253,29
DA:1254,5
DA:1255,0
DA:1256,0
DA:1258,29
DA:1259,29
DA:1260,29
DA:1261,29
DA:1262,29
DA:1263,29
DA:1264,29
DA:1265,29
DA:1266,29
DA:1267,29
DA:1268,29
DA:1269,29
DA:1270,29
DA:1271,29
DA:1272,29
DA:1273,29
DA:1274,29
DA:1275,29
DA:1276,29
DA:1277,29
DA:1278,29
DA:1279,29
DA:1283,27
DA:1288,5
DA:1289,5
DA:1290,5
DA:1291,5
DA:1292,5
DA:1293,9
DA:1296,28
DA:1300,34
DA:1301,3
DA:1303,36
DA:1304,4
DA:1309,28
DA:1311,80
DA:1312,40
DA:1313,38
DA:1314,40
DA:1315,28
DA:1316,28
DA:1317,0
DA:1318,28
DA:1319,0
DA:1320,28
DA:1324,28
DA:1333,56
DA:1334,28
DA:1335,56
DA:1336,28
DA:1340,28
DA:1342,28
DA:1347,3
DA:1349,2
DA:1351,4
DA:1353,2
DA:1358,28
DA:1363,2
DA:1364,0
DA:1365,0
DA:1369,11
DA:1370,11
DA:1371,11
DA:1375,7
LF:713
LH:694
end_of_record
SF:packages/ai_sdk_dart/lib/src/core/stream_object.dart
DA:22,9
DA:39,9
DA:75,9
DA:88,9
DA:92,9
DA:94,4
DA:96,8
DA:98,2
DA:101,9
DA:103,9
DA:106,9
DA:107,18
DA:108,18
DA:109,11
DA:110,0
DA:113,18
DA:115,9
DA:120,9
DA:122,9
DA:125,9
DA:126,18
DA:127,18
DA:128,9
DA:129,9
DA:135,9
DA:138,9
DA:140,18
DA:141,9
DA:147,9
DA:155,9
DA:158,9
DA:161,18
DA:162,9
DA:163,9
DA:164,9
DA:165,9
DA:171,9
DA:172,9
DA:175,9
DA:176,18
DA:177,18
DA:179,2
DA:180,0
DA:181,0
DA:183,1
DA:186,0
DA:191,2
DA:192,2
DA:193,2
DA:194,6
DA:195,2
DA:197,9
DA:199,9
DA:200,9
DA:202,9
DA:204,9
DA:205,9
DA:206,18
DA:207,9
DA:208,9
DA:213,27
DA:215,18
DA:216,18
DA:217,16
DA:221,27
DA:226,9
DA:228,18
DA:231,10
DA:234,9
DA:235,6
DA:236,6
DA:239,9
DA:240,1
DA:241,1
DA:242,2
DA:246,9
DA:248,9
DA:249,18
DA:250,18
DA:251,18
DA:252,9
DA:256,18
DA:258,9
DA:259,9
DA:264,9
DA:265,9
DA:268,9
DA:269,9
DA:270,9
DA:272,9
DA:277,18
DA:280,18
DA:282,2
DA:284,2
DA:287,2
DA:292,9
DA:294,7
DA:295,7
DA:297,14
DA:299,7
DA:301,4
DA:302,8
DA:303,8
DA:304,4
DA:305,4
DA:306,4
DA:307,4
DA:308,4
DA:309,4
DA:310,4
DA:312,9
DA:313,18
DA:315,9
DA:317,9
DA:318,18
DA:319,18
DA:320,18
DA:321,18
DA:323,9
DA:325,9
DA:326,18
DA:327,9
DA:328,9
DA:329,9
DA:330,9
DA:331,9
DA:335,3
DA:338,3
DA:339,3
DA:340,3
DA:341,3
DA:342,3
DA:343,4
DA:346,9
DA:347,9
DA:351,9
DA:353,9
DA:359,9
DA:364,9
DA:365,9
DA:368,9
DA:373,1
DA:374,1
DA:378,1
DA:384,2
DA:385,1
DA:386,1
DA:388,2
DA:389,2
DA:390,2
DA:391,2
DA:392,1
DA:393,1
DA:396,2
DA:401,4
DA:404,2
DA:405,1
DA:406,0
DA:407,0
DA:409,0
DA:417,1
DA:418,0
DA:419,0
DA:420,0
DA:421,0
DA:422,0
DA:424,0
DA:425,0
DA:426,0
DA:428,0
DA:429,0
DA:433,0
DA:434,0
DA:439,1
DA:440,0
DA:441,0
DA:444,0
DA:450,1
DA:451,2
DA:454,9
DA:455,18
DA:456,33
DA:458,14
LF:183
LH:161
end_of_record
SF:packages/ai_sdk_dart/lib/src/core/timeout_configuration.dart
DA:2,5
DA:18,12
LF:2
LH:2
end_of_record
SF:packages/ai_sdk_dart/lib/src/core/rerank.dart
DA:11,1
DA:17,3
DA:25,1
DA:53,2
DA:63,2
DA:66,4
DA:67,2
DA:78,1
DA:79,1
DA:80,1
DA:81,2
DA:82,1
DA:83,1
DA:84,1
DA:87,1
LF:15
LH:15
end_of_record
SF:packages/ai_sdk_dart/lib/src/core/transcribe.dart
DA:12,1
DA:21,2
DA:32,2
DA:35,4
DA:36,2
DA:47,2
DA:52,2
LF:7
LH:7
end_of_record
SF:packages/ai_sdk_dart/lib/src/messages/model_message.dart
DA:11,10
DA:14,6
DA:19,2
DA:20,2
DA:21,2
DA:22,2
DA:23,2
DA:24,2
DA:25,1
DA:27,4
LF:10
LH:10
end_of_record
SF:packages/ai_sdk_dart/lib/src/middleware/embedding_model_middleware.dart
DA:49,1
DA:54,1
DA:55,1
DA:56,1
DA:59,1
DA:65,2
DA:66,1
DA:72,1
DA:73,2
DA:75,1
DA:76,2
DA:78,1
DA:83,1
DA:84,2
DA:86,1
DA:87,2
DA:89,0
DA:90,0
DA:92,1
DA:96,2
DA:98,1
DA:100,2
DA:101,2
DA:103,1
DA:113,1
DA:116,1
DA:123,1
DA:131,1
LF:28
LH:26
end_of_record
SF:packages/ai_sdk_dart/lib/src/middleware/image_model_middleware.dart
DA:47,2
DA:52,2
DA:53,2
DA:54,2
DA:57,2
DA:63,4
DA:64,2
DA:70,2
DA:75,1
DA:76,2
DA:78,1
DA:79,2
DA:81,1
DA:82,2
DA:84,2
DA:88,4
DA:90,2
DA:92,4
DA:93,4
DA:95,2
DA:104,2
DA:107,2
DA:114,2
DA:122,2
LF:24
LH:24
end_of_record
SF:packages/ai_sdk_dart/lib/src/middleware/language_model_middleware.dart
DA:65,2
DA:70,2
DA:71,2
DA:72,2
DA:75,1
DA:81,4
DA:82,2
DA:88,2
DA:93,2
DA:94,4
DA:96,2
DA:97,4
DA:99,1
DA:100,2
DA:102,1
DA:103,2
DA:105,2
DA:109,4
DA:111,2
DA:113,4
DA:114,4
DA:116,2
DA:120,2
DA:124,4
DA:126,2
DA:128,4
DA:129,4
DA:131,2
DA:140,2
DA:143,2
DA:149,1
DA:157,1
DA:159,1
DA:167,1
DA:176,2
DA:177,2
DA:181,2
DA:185,2
DA:194,2
DA:195,2
DA:196,4
DA:197,2
DA:198,6
DA:200,1
DA:201,1
DA:204,2
DA:205,4
DA:208,1
DA:211,2
DA:213,2
DA:214,2
DA:215,2
DA:216,2
DA:217,2
DA:218,2
DA:222,2
DA:231,2
DA:232,4
DA:233,2
DA:236,2
DA:239,4
DA:240,4
DA:242,2
DA:245,4
DA:246,2
DA:247,4
DA:248,2
DA:251,2
DA:252,2
DA:253,2
DA:254,2
DA:255,2
DA:257,2
DA:258,8
DA:264,8
DA:265,2
DA:266,1
DA:267,2
DA:268,1
DA:269,2
DA:273,2
DA:274,2
DA:275,2
DA:276,2
DA:277,2
DA:282,2
DA:283,8
DA:287,8
DA:288,2
DA:289,1
DA:290,1
DA:291,1
DA:292,2
DA:298,2
DA:299,2
DA:300,2
DA:302,1
DA:305,2
DA:312,2
DA:313,2
DA:315,1
DA:318,1
DA:324,2
DA:328,2
DA:329,2
DA:330,2
DA:331,2
DA:332,3
DA:333,3
DA:335,5
DA:336,1
DA:346,2
DA:349,1
DA:358,1
DA:359,1
DA:360,3
DA:361,1
DA:362,3
DA:365,1
DA:366,1
DA:367,1
DA:368,1
DA:369,1
DA:370,1
DA:371,1
DA:375,1
DA:376,1
DA:377,1
DA:381,1
DA:382,2
DA:391,2
DA:392,2
DA:395,2
DA:404,2
DA:405,2
DA:407,4
DA:408,4
DA:410,2
DA:411,2
DA:412,4
DA:415,4
DA:416,2
DA:417,4
DA:418,2
DA:419,4
DA:421,4
DA:422,1
DA:423,1
DA:426,1
DA:427,2
DA:429,1
DA:430,1
DA:431,2
DA:432,1
DA:433,1
DA:434,1
DA:435,1
DA:438,1
DA:439,2
DA:441,3
DA:442,2
DA:443,1
DA:444,2
DA:445,1
DA:446,0
DA:447,1
DA:448,2
DA:449,0
DA:450,0
DA:453,2
DA:454,1
DA:455,2
DA:458,2
DA:459,2
DA:460,2
DA:461,2
DA:462,2
DA:463,2
DA:473,2
DA:475,2
DA:478,4
DA:486,2
DA:493,2
DA:503,2
DA:517,2
DA:518,2
DA:519,2
DA:520,2
DA:521,2
DA:522,4
DA:523,4
DA:524,4
DA:525,2
DA:526,2
DA:527,2
DA:528,2
DA:529,4
DA:530,2
DA:531,4
DA:532,2
DA:533,2
DA:534,2
DA:535,2
DA:539,1
DA:547,2
DA:549,1
DA:557,2
DA:564,2
DA:565,2
DA:568,2
DA:569,6
DA:570,2
DA:571,2
DA:572,2
DA:573,8
DA:574,2
DA:575,2
DA:576,2
DA:577,2
DA:578,2
DA:579,2
DA:580,2
DA:581,2
DA:583,2
DA:585,2
DA:586,2
DA:588,2
DA:589,2
DA:590,2
DA:591,2
DA:592,2
DA:593,2
DA:594,2
DA:595,2
DA:596,2
DA:597,2
DA:598,2
DA:599,2
DA:600,2
DA:601,2
DA:602,2
DA:606,1
DA:614,2
DA:616,1
DA:624,2
LF:245
LH:242
end_of_record
SF:packages/ai_sdk_dart/lib/src/output/output.dart
DA:8,63
DA:11,36
DA:17,18
DA:22,18
DA:30,7
DA:35,7
DA:45,5
DA:50,5
DA:54,5
DA:55,5
DA:61,63
DA:66,18
DA:75,7
DA:84,5
DA:93,5
LF:15
LH:15
end_of_record
SF:packages/ai_sdk_dart/lib/src/registry/custom_provider.dart
DA:25,2
DA:62,1
DA:63,2
DA:65,3
DA:66,2
DA:68,3
DA:73,1
DA:74,2
DA:76,1
DA:77,2
DA:79,2
DA:81,3
DA:86,2
DA:87,4
DA:89,4
DA:90,2
DA:92,3
DA:97,2
DA:98,4
DA:100,3
DA:101,2
DA:103,3
DA:108,2
DA:109,4
DA:111,1
DA:112,2
DA:114,2
DA:116,3
DA:136,2
DA:148,2
LF:30
LH:30
end_of_record
SF:packages/ai_sdk_dart/lib/src/registry/provider_registry.dart
DA:23,1
DA:28,1
DA:29,1
DA:30,2
DA:34,1
DA:35,1
DA:36,2
DA:40,1
DA:41,1
DA:42,2
DA:46,1
DA:47,1
DA:48,2
DA:52,1
DA:53,1
DA:54,2
DA:58,1
DA:59,1
DA:60,2
DA:63,1
DA:64,2
DA:66,2
DA:68,3
DA:74,1
DA:75,1
DA:76,1
DA:77,2
DA:82,3
DA:96,1
DA:112,1
DA:114,2
DA:116,1
DA:118,1
DA:119,1
DA:123,2
DA:126,1
DA:128,1
DA:129,1
DA:133,2
DA:136,1
DA:138,1
DA:139,1
DA:143,2
DA:146,1
DA:148,1
DA:149,1
DA:153,2
DA:156,1
DA:158,1
DA:159,1
DA:163,2
DA:185,1
DA:188,1
DA:189,1
DA:190,2
DA:192,1
DA:193,1
DA:194,1
DA:195,1
DA:196,1
DA:197,1
DA:198,1
DA:212,1
LF:63
LH:63
end_of_record
SF:packages/ai_sdk_dart/lib/src/stop_conditions/stop_conditions.dart
DA:7,39
DA:46,1
DA:55,2
DA:56,6
DA:66,2
DA:67,6
DA:77,1
DA:78,3
DA:88,1
DA:89,4
DA:97,1
DA:98,4
DA:112,39
DA:118,2
DA:119,3
DA:122,78
DA:127,21
DA:129,1
DA:130,3
DA:143,39
DA:149,21
DA:150,21
DA:155,39
DA:163,27
LF:24
LH:24
end_of_record
SF:packages/ai_sdk_dart/lib/src/telemetry/telemetry.dart
DA:64,43
DA:83,0
DA:86,0
DA:87,0
DA:135,2
DA:191,43
DA:196,45
DA:197,2
DA:198,2
DA:199,2
DA:200,4
DA:202,2
DA:203,3
DA:204,1
DA:205,1
DA:206,1
DA:212,0
DA:221,63
DA:223,37
DA:226,24
DA:229,43
DA:240,43
DA:245,2
DA:247,2
DA:249,2
DA:250,2
DA:251,2
DA:252,2
DA:253,2
DA:256,2
DA:258,2
DA:259,2
DA:263,1
DA:269,2
DA:273,2
DA:276,6
DA:277,2
DA:278,6
DA:281,2
DA:285,2
DA:288,4
DA:289,6
DA:290,4
DA:293,2
DA:297,2
DA:300,4
DA:303,4
DA:305,2
DA:308,2
DA:313,2
DA:317,2
DA:318,4
DA:319,4
DA:320,2
DA:325,2
DA:330,2
DA:331,0
DA:334,2
DA:335,6
DA:339,4
DA:340,2
DA:346,2
DA:347,4
DA:348,6
DA:354,6
DA:357,2
DA:358,2
LF:67
LH:62
end_of_record
SF:packages/ai_sdk_dart/lib/src/tools/tool.dart
DA:23,1
DA:37,54
DA:38,108
DA:46,53
DA:47,53
DA:50,0
DA:51,0
DA:55,53
DA:56,53
DA:57,0
DA:58,159
DA:61,20
DA:62,20
DA:63,20
DA:64,80
DA:65,20
DA:66,20
DA:67,40
DA:83,21
DA:131,2
DA:141,37
DA:147,0
DA:159,34
DA:161,35
DA:162,35
DA:163,68
DA:172,23
DA:216,22
DA:227,22
DA:233,38
DA:239,12
DA:255,1
DA:265,1
DA:274,1
DA:275,1
DA:276,2
DA:286,2
DA:287,2
DA:289,2
DA:297,5
DA:305,5
DA:306,5
DA:308,1
LF:43
LH:39
end_of_record
SF:packages/ai_sdk_dart/lib/src/tools/schema_validation.dart
DA:7,1
DA:20,1
DA:21,1
DA:25,1
DA:26,3
LF:5
LH:5
end_of_record
SF:packages/ai_sdk_dart/lib/src/utils/utils.dart
DA:14,1
DA:15,3
DA:16,1
DA:17,3
DA:20,1
DA:21,1
DA:26,3
DA:27,4
DA:28,4
DA:29,4
DA:31,3
DA:32,1
DA:33,1
DA:40,15
DA:51,5
DA:52,5
DA:54,25
DA:56,5
DA:67,1
DA:68,2
DA:95,20
DA:102,20
DA:103,1
DA:105,20
DA:106,2
DA:110,40
DA:112,20
DA:113,1
DA:116,20
DA:117,2
DA:131,2
DA:134,4
DA:135,2
DA:136,2
DA:137,2
DA:138,2
DA:139,1
DA:141,12
DA:142,2
DA:144,6
DA:147,4
DA:148,2
DA:170,1
DA:174,1
DA:175,1
DA:181,2
DA:184,3
DA:185,3
DA:186,1
DA:188,3
DA:191,3
DA:192,2
LF:52
LH:52
end_of_record
SF:packages/ai_sdk_dart/lib/src/core/streaming/tool_execution.dart
DA:16,19
DA:28,40
DA:32,40
DA:33,46
DA:34,12
DA:35,1
DA:36,2
DA:39,12
DA:44,2
DA:49,6
DA:50,8
DA:51,8
DA:52,4
DA:53,6
DA:54,4
DA:55,6
DA:56,6
DA:58,21
DA:76,42
DA:94,42
DA:95,21
DA:98,42
DA:99,21
DA:100,21
DA:101,21
DA:106,21
DA:107,2
DA:110,0
DA:113,21
DA:114,21
DA:115,21
DA:121,21
DA:122,21
DA:123,21
DA:124,7
DA:125,6
DA:128,6
DA:129,12
DA:130,6
DA:132,6
DA:138,1
DA:139,1
DA:143,2
DA:148,6
DA:149,6
DA:153,12
DA:157,5
DA:158,4
DA:159,4
DA:160,4
DA:161,4
DA:163,4
DA:164,4
DA:167,4
DA:171,21
DA:174,3
DA:175,3
DA:176,3
DA:177,3
DA:179,3
DA:185,20
DA:186,24
DA:187,4
DA:189,4
DA:194,40
DA:196,20
DA:197,40
DA:198,20
DA:200,20
DA:202,19
DA:209,17
DA:210,17
DA:211,20
DA:212,3
DA:214,3
DA:220,17
DA:221,17
DA:222,17
DA:223,17
DA:224,34
DA:228,7
DA:229,7
DA:230,9
DA:231,2
DA:233,2
DA:242,14
DA:245,5
DA:246,5
DA:247,5
DA:248,5
DA:250,10
DA:257,19
DA:264,19
DA:267,7
DA:268,14
DA:273,7
DA:279,14
DA:281,3
DA:291,7
DA:300,3
DA:310,20
DA:316,40
DA:318,3
DA:320,2
DA:321,4
DA:322,4
DA:327,20
DA:328,40
DA:331,21
DA:339,5
DA:340,5
DA:341,5
DA:342,5
DA:345,20
DA:348,20
DA:351,5
DA:352,10
DA:355,5
DA:356,20
DA:362,24
DA:364,8
DA:365,8
DA:366,16
DA:367,8
DA:368,8
DA:369,8
DA:370,35
DA:373,7
DA:377,7
DA:383,14
DA:386,7
DA:388,2
DA:390,2
DA:391,4
DA:392,2
LF:135
LH:134
end_of_record
SF:packages/ai_sdk_dart/lib/src/core/shared/common_helpers.dart
DA:9,8
DA:11,8
DA:12,8
DA:13,8
DA:14,7
DA:15,7
DA:16,5
DA:19,32
DA:23,44
DA:29,59
DA:30,1
DA:37,40
DA:40,40
DA:44,21
DA:49,21
DA:50,12
DA:57,20
DA:60,60
DA:63,17
DA:66,17
DA:67,12
DA:69,5
DA:71,2
DA:75,40
DA:86,80
DA:88,40
DA:89,40
DA:90,40
DA:91,40
DA:92,39
DA:93,39
DA:94,39
DA:95,39
DA:96,39
DA:97,39
DA:102,10
DA:103,9
DA:105,10
DA:106,1
DA:108,10
DA:109,1
DA:111,10
DA:112,1
DA:114,10
DA:115,9
DA:117,10
DA:118,1
DA:120,10
DA:121,1
DA:127,10
DA:128,10
DA:134,10
LF:52
LH:52
end_of_record
SF:packages/ai_sdk_dart/lib/src/core/shared/operation_scope.dart
DA:8,12
DA:13,12
DA:15,24
DA:16,24
DA:17,0
DA:19,24
DA:22,12
DA:27,53
DA:28,106
DA:29,53
DA:31,12
DA:32,12
DA:34,41
DA:35,16
DA:40,23
DA:41,7
DA:42,7
DA:43,7
DA:61,12
DA:63,39
DA:64,39
DA:65,0
DA:67,39
DA:68,6
DA:69,1
DA:70,2
DA:71,2
DA:75,53
DA:79,53
DA:80,0
DA:82,53
DA:83,106
DA:84,3
DA:86,53
DA:87,166
DA:88,7
DA:89,7
DA:92,53
DA:94,106
DA:96,53
DA:97,52
DA:98,76
DA:99,1
DA:100,2
DA:101,1
DA:104,104
DA:105,52
DA:106,1
DA:107,0
DA:111,104
DA:113,19
DA:114,38
DA:115,19
DA:116,18
DA:117,18
DA:118,18
DA:121,53
DA:124,19
DA:125,38
DA:126,19
DA:127,26
DA:128,38
DA:129,57
DA:130,38
DA:133,53
DA:134,53
DA:135,53
DA:136,61
DA:137,117
DA:138,159
LF:70
LH:66
end_of_record
SF:packages/ai_sdk_dart/lib/src/core/timeout_helpers.dart
DA:1,42
DA:6,5
DA:7,5
DA:10,41
DA:13,2
DA:16,0
DA:17,0
LF:7
LH:5
end_of_record
SF:packages/ai_sdk_dart/lib/src/core/cancellation.dart
DA:6,47
DA:7,41
DA:12,56
DA:19,54
DA:20,2
DA:23,54
DA:27,54
DA:30,108
DA:33,18
DA:36,17
DA:37,17
DA:40,106
DA:43,52
DA:44,52
DA:47,11
DA:50,11
DA:51,11
DA:53,11
DA:57,108
DA:58,22
DA:61,54
LF:21
LH:21
end_of_record
SF:packages/ai_sdk_dart/lib/src/core/shared/embedding_validation.dart
DA:3,9
DA:8,18
DA:11,36
DA:12,1
DA:14,1
DA:15,2
DA:19,36
DA:20,27
DA:21,18
DA:22,9
DA:23,27
DA:24,9
DA:25,18
DA:26,27
DA:27,1
DA:29,1
DA:30,2
LF:17
LH:17
end_of_record
SF:packages/ai_sdk_dart/lib/src/core/shared/output_instruction.dart
DA:8,44
DA:11,44
DA:13,35
DA:14,17
DA:15,8
DA:16,17
DA:17,34
DA:18,17
DA:19,17
DA:20,14
DA:21,7
DA:22,4
DA:23,7
DA:24,14
DA:25,7
DA:26,7
DA:27,9
DA:28,4
DA:29,4
DA:30,4
DA:31,4
DA:32,4
DA:33,4
DA:34,5
DA:35,5
DA:36,4
DA:37,5
DA:38,5
DA:42,44
DA:45,44
DA:46,69
DA:47,17
DA:48,17
DA:52,28
DA:53,7
DA:54,14
DA:58,17
DA:59,4
DA:60,4
DA:64,15
DA:65,5
LF:41
LH:41
end_of_record
SF:packages/ai_sdk_dart/lib/src/core/shared/strict_json.dart
DA:3,17
DA:4,17
DA:5,17
DA:8,17
DA:9,14
DA:10,17
DA:13,7
DA:14,7
DA:15,7
DA:18,7
DA:19,8
DA:23,17
DA:24,17
DA:25,16
DA:26,16
LF:15
LH:15
end_of_record
SF:packages/ai_sdk_dart/lib/src/core/retry_helper.dart
DA:13,123
DA:14,123
DA:17,2
DA:32,4
DA:33,4
DA:34,4
DA:35,12
DA:36,4
DA:40,4
DA:46,2
DA:47,8
DA:48,8
DA:49,4
DA:52,4
DA:53,8
DA:56,41
DA:64,82
DA:66,41
DA:69,41
DA:71,41
DA:74,41
DA:76,46
DA:77,0
DA:79,0
DA:82,84
DA:83,2
DA:84,2
DA:90,82
DA:92,11
DA:93,11
DA:99,10
DA:100,8
DA:101,4
DA:102,3
DA:103,3
DA:105,3
DA:107,3
DA:113,5
DA:116,5
DA:118,5
DA:119,1
DA:121,1
DA:125,5
DA:126,5
DA:131,1
DA:132,5
DA:133,5
DA:138,0
DA:141,3
DA:142,5
DA:147,41
DA:148,124
DA:151,5
DA:156,3
DA:159,4
DA:161,4
DA:165,4
DA:168,4
DA:169,4
DA:172,6
DA:173,2
DA:176,0
DA:177,0
DA:180,24
DA:181,8
DA:182,0
DA:185,0
DA:186,0
DA:189,4
DA:192,11
DA:198,11
DA:199,9
DA:200,8
DA:201,13
DA:205,5
DA:206,5
DA:209,5
DA:210,2
DA:211,5
DA:212,20
DA:213,5
DA:215,20
DA:216,5
DA:217,5
DA:220,5
DA:221,5
DA:228,14
DA:229,6
DA:230,2
DA:236,4
DA:237,4
DA:242,2
DA:243,4
DA:246,4
DA:249,41
DA:254,41
DA:255,41
DA:256,41
DA:260,1
DA:261,1
LF:100
LH:92
end_of_record
SF:packages/ai_sdk_dart/lib/src/core/shared/tool_selection.dart
DA:8,63
DA:20,20
DA:22,20
DA:25,39
DA:30,5
DA:31,10
DA:32,5
DA:34,4
DA:36,4
DA:41,39
DA:49,5
DA:50,39
DA:51,5
DA:56,4
DA:57,3
DA:62,3
DA:63,8
DA:64,4
DA:66,3
DA:67,3
DA:70,4
DA:71,4
DA:77,39
DA:84,39
DA:85,43
DA:86,3
DA:87,3
DA:90,42
DA:91,2
DA:92,2
DA:95,39
DA:96,8
DA:97,12
DA:98,4
DA:99,2
DA:100,2
DA:105,59
DA:106,20
DA:107,40
DA:108,2
DA:109,4
LF:41
LH:41
end_of_record
SF:packages/ai_sdk_dart/lib/src/core/shared/tool_concurrency.dart
DA:14,20
DA:23,20
DA:24,0
DA:30,20
DA:31,20
DA:33,40
DA:34,20
DA:41,20
DA:42,40
DA:44,4
DA:47,18
DA:48,0
DA:51,36
DA:52,72
DA:56,20
DA:57,20
DA:58,20
DA:59,4
DA:62,20
DA:63,40
DA:64,20
DA:65,20
DA:66,20
DA:67,100
DA:68,18
DA:69,18
DA:70,18
DA:71,18
DA:72,18
DA:74,4
DA:75,4
DA:78,4
DA:82,20
DA:85,20
DA:86,20
LF:35
LH:33
end_of_record
SF:packages/ai_sdk_dart/lib/src/core/streaming/structured_output.dart
DA:7,5
DA:14,10
DA:16,5
DA:17,10
DA:18,5
DA:19,5
DA:20,5
DA:27,5
DA:29,5
DA:35,40
DA:41,40
DA:43,21
DA:45,9
DA:46,6
DA:47,10
DA:48,15
DA:50,7
DA:51,0
DA:52,7
DA:53,2
DA:54,2
DA:57,7
DA:58,14
DA:59,7
DA:60,14
DA:62,2
DA:63,2
DA:68,11
DA:69,5
DA:75,5
DA:76,4
DA:78,5
DA:79,2
DA:80,2
DA:84,5
DA:85,7
DA:90,39
DA:97,39
DA:99,6
DA:102,6
DA:112,6
DA:113,6
DA:114,6
DA:117,2
DA:120,6
DA:121,12
DA:124,6
DA:130,0
LF:48
LH:46
end_of_record
SF:packages/ai_sdk_dart/lib/src/core/partial_json.dart
DA:23,3
DA:27,6
DA:28,6
DA:30,4
DA:31,3
DA:33,6
DA:35,4
DA:36,3
DA:40,2
DA:41,4
DA:44,0
DA:45,0
DA:46,0
DA:49,6
DA:51,2
DA:52,4
DA:54,2
DA:55,4
DA:56,2
DA:59,1
DA:60,2
DA:63,1
DA:64,2
DA:71,12
DA:81,5
DA:99,12
DA:103,24
DA:104,12
DA:106,12
DA:107,1
DA:111,13
DA:112,1
DA:116,12
DA:117,22
DA:121,12
DA:125,12
DA:126,19
DA:127,12
DA:128,12
DA:129,12
DA:134,24
DA:135,6
DA:139,23
DA:140,24
DA:141,24
DA:143,27
DA:146,24
DA:148,12
DA:149,12
DA:154,25
DA:159,12
DA:175,5
DA:180,5
DA:183,10
DA:184,5
DA:186,5
DA:190,5
DA:191,5
DA:192,5
DA:197,5
DA:198,2
DA:199,1
DA:203,6
DA:204,2
DA:205,1
DA:209,5
DA:210,10
DA:211,10
DA:215,5
DA:216,10
DA:220,15
DA:221,5
DA:223,5
DA:229,15
DA:230,5
DA:232,5
DA:235,5
DA:239,10
DA:240,10
DA:241,20
DA:242,10
DA:245,10
DA:248,5
DA:249,5
DA:251,5
DA:253,5
DA:257,5
DA:261,15
DA:262,10
DA:263,5
DA:267,2
DA:272,5
DA:277,15
DA:283,1
DA:284,15
DA:287,7
DA:288,7
DA:289,7
DA:290,7
DA:291,10
DA:292,8
DA:294,7
DA:297,5
DA:298,3
DA:299,3
DA:304,9
DA:305,3
DA:310,3
DA:314,3
DA:321,3
DA:322,3
DA:325,3
DA:326,3
DA:327,3
DA:328,6
DA:335,9
DA:342,27
DA:343,9
DA:348,9
DA:352,9
DA:360,9
DA:361,9
DA:364,9
DA:368,9
DA:369,9
DA:370,9
DA:371,18
DA:380,13
DA:382,13
DA:384,1
DA:388,0
DA:389,0
DA:390,0
DA:402,0
DA:404,4
DA:405,4
DA:406,2
DA:408,20
DA:409,12
DA:410,2
DA:411,8
DA:412,4
DA:414,12
DA:415,8
DA:417,4
DA:419,8
DA:422,4
DA:423,8
DA:424,4
DA:428,4
DA:429,2
DA:430,6
DA:432,4
DA:433,12
DA:434,4
DA:440,4
DA:442,4
DA:444,12
DA:453,4
DA:458,3
DA:459,3
DA:461,3
DA:462,3
DA:464,2
DA:466,7
DA:468,6
DA:469,6
DA:470,2
DA:472,0
DA:475,1
DA:477,1
DA:479,2
DA:480,4
DA:482,2
DA:483,6
DA:484,2
DA:488,2
DA:489,2
DA:490,2
DA:493,4
DA:494,4
DA:497,2
DA:498,4
DA:499,10
DA:500,10
DA:504,15
DA:505,15
DA:506,15
DA:510,15
DA:515,8
DA:517,8
DA:519,2
DA:521,2
DA:528,7
DA:532,4
DA:535,16
DA:536,2
DA:538,16
LF:198
LH:190
end_of_record
SF:packages/ai_sdk_dart/lib/src/core/shared/stream_outcome.dart
DA:4,35
DA:9,4
DA:18,36
DA:19,36
DA:20,8
DA:21,35
DA:25,36
DA:26,36
DA:27,36
DA:28,105
DA:29,4
DA:30,8
LF:12
LH:12
end_of_record
SF:packages/ai_sdk_dart/lib/src/core/streaming/reasoning_buffer.dart
DA:7,8
DA:9,2
DA:10,2
DA:11,8
DA:15,8
DA:16,16
DA:17,8
DA:20,8
DA:24,8
DA:25,8
DA:26,16
DA:28,8
LF:12
LH:12
end_of_record
SF:packages/ai_sdk_dart/lib/src/core/streaming/stream_text_types.dart
DA:22,3
DA:23,3
DA:24,2
DA:26,3
DA:27,3
DA:29,9
DA:30,3
DA:31,2
DA:33,15
DA:34,3
DA:41,4
DA:45,4
DA:52,1
DA:58,3
DA:64,3
DA:74,1
DA:80,1
DA:86,0
DA:92,1
DA:98,0
DA:104,2
DA:114,1
DA:128,4
DA:134,63
DA:138,63
DA:142,29
DA:148,26
DA:154,27
DA:161,26
DA:167,8
DA:177,8
DA:189,8
DA:201,5
DA:207,2
DA:213,4
DA:219,2
DA:225,0
DA:231,11
DA:241,7
DA:255,11
DA:269,11
DA:279,2
DA:291,3
DA:297,14
DA:303,27
DA:309,27
DA:315,26
DA:359,29
DA:400,12
DA:401,12
LF:50
LH:47
end_of_record
SF:packages/ai_sdk_dart/lib/src/core/streaming/terminal_streams.dart
DA:7,26
DA:8,52
DA:11,14
DA:12,28
DA:16,29
DA:24,46
DA:25,17
DA:26,1
DA:28,1
DA:30,2
DA:31,1
DA:34,2
DA:36,1
DA:40,17
DA:41,17
DA:42,17
DA:43,17
DA:45,34
LF:18
LH:18
end_of_record
SF:packages/ai_sdk_dart/lib/src/testing/mock_embedding_model_v2.dart
DA:15,1
DA:18,1
DA:21,2
DA:44,2
DA:50,1
DA:54,2
DA:55,2
DA:56,1
DA:57,1
DA:58,4
DA:59,1
DA:60,1
LF:12
LH:12
end_of_record
SF:packages/ai_sdk_dart/lib/src/testing/mock_image_model_v3.dart
DA:15,1
DA:34,1
DA:40,1
DA:44,2
DA:45,2
DA:46,1
DA:47,1
DA:48,3
DA:49,1
LF:9
LH:9
end_of_record
SF:packages/ai_sdk_dart/lib/src/testing/mock_language_model_v4.dart
DA:20,7
DA:61,1
DA:70,6
DA:74,12
DA:75,9
DA:76,6
DA:77,6
DA:78,6
DA:79,6
DA:80,6
DA:81,6
DA:82,6
DA:83,6
DA:84,6
DA:88,5
DA:92,10
DA:93,7
DA:95,4
DA:96,4
DA:97,4
DA:98,6
DA:99,4
DA:101,8
DA:103,8
DA:104,4
DA:105,8
DA:106,12
DA:107,8
DA:108,2
DA:109,2
DA:110,2
DA:111,4
DA:113,2
DA:114,1
DA:115,1
DA:116,1
DA:117,1
DA:118,1
DA:121,1
DA:122,1
DA:123,1
DA:124,2
DA:127,3
DA:128,2
DA:132,4
DA:133,4
DA:134,4
DA:135,4
DA:136,4
DA:137,4
DA:141,4
DA:142,4
DA:155,7
DA:156,7
DA:159,2
DA:160,2
DA:163,2
DA:167,2
DA:168,1
LF:59
LH:59
end_of_record
SF:packages/ai_sdk_dart/lib/src/testing/mock_values.dart
DA:11,1
DA:13,3
DA:28,1
DA:29,1
DA:30,1
DA:33,1
DA:34,1
DA:35,4
LF:8
LH:8
end_of_record
