SF:packages/ai_sdk_json_schema/lib/ai_sdk_json_schema.dart
DA:10,3
DA:16,3
DA:21,9
DA:22,3
DA:27,3
DA:28,3
DA:35,3
DA:39,3
DA:44,3
DA:49,3
DA:54,3
DA:56,6
DA:57,3
DA:58,2
DA:67,3
DA:70,1
DA:71,1
DA:73,1
DA:74,1
DA:75,1
DA:80,3
DA:82,9
DA:91,3
DA:92,3
DA:93,3
DA:94,3
DA:95,4
DA:96,2
DA:97,2
DA:98,2
DA:101,3
DA:105,3
DA:106,6
DA:107,12
DA:109,9
DA:113,3
DA:114,6
DA:115,1
DA:117,3
DA:119,3
DA:120,3
DA:121,9
DA:123,3
DA:124,12
DA:125,6
DA:126,6
DA:128,3
DA:129,6
DA:130,6
DA:132,3
DA:133,3
DA:134,4
DA:139,9
LF:53
LH:53
end_of_record
