SF:packages/ai_sdk_provider/lib/src/shared/abort_signal.dart
DA:22,2
DA:27,2
DA:31,2
DA:32,2
DA:33,2
DA:34,1
DA:35,2
DA:36,7
DA:37,1
DA:40,5
DA:42,3
DA:46,2
DA:47,2
DA:48,2
DA:49,2
DA:52,2
DA:53,2
DA:54,2
DA:55,2
DA:56,2
DA:62,2
DA:66,1
DA:67,2
DA:68,1
DA:70,2
DA:74,2
DA:77,3
DA:78,2
DA:81,4
DA:82,4
DA:83,2
DA:85,2
DA:90,2
DA:91,1
DA:93,2
DA:94,4
DA:95,1
DA:96,3
DA:98,1
LF:39
LH:39
end_of_record
SF:packages/ai_sdk_provider/lib/src/language_model/language_model_v4.dart
DA:12,1
DA:15,1
DA:24,1
LF:3
LH:3
end_of_record
SF:packages/ai_sdk_provider/lib/src/language_model/language_model_v4_call_options.dart
DA:13,1
DA:53,1
DA:54,2
DA:56,1
DA:57,2
LF:5
LH:5
end_of_record
SF:packages/ai_sdk_provider/lib/src/language_model/language_model_v4_content.dart
DA:11,1
DA:18,1
DA:29,1
DA:37,1
DA:54,1
DA:72,1
DA:87,1
DA:102,1
DA:113,1
DA:137,1
DA:154,1
DA:159,1
DA:165,1
DA:171,1
DA:178,1
DA:185,1
DA:192,1
DA:203,1
DA:213,1
DA:214,1
DA:215,1
DA:230,1
DA:244,1
DA:249,1
DA:263,1
DA:268,1
LF:26
LH:26
end_of_record
SF:packages/ai_sdk_provider/lib/src/language_model/language_model_v4_data_content.dart
DA:8,2
DA:13,2
DA:20,2
DA:27,2
DA:37,1
DA:48,2
DA:50,4
DA:51,3
DA:52,2
DA:53,3
DA:54,1
DA:55,1
LF:12
LH:12
end_of_record
SF:packages/ai_sdk_provider/lib/src/language_model/language_model_v4_generate_result.dart
DA:12,1
DA:21,1
DA:41,1
LF:3
LH:3
end_of_record
SF:packages/ai_sdk_provider/lib/src/language_model/language_model_v4_prompt.dart
DA:8,1
DA:18,1
LF:2
LH:2
end_of_record
SF:packages/ai_sdk_provider/lib/src/language_model/language_model_v4_response_format.dart
DA:5,1
DA:10,1
DA:15,1
LF:3
LH:3
end_of_record
SF:packages/ai_sdk_provider/lib/src/language_model/language_model_v4_stream_part.dart
DA:10,1
DA:14,1
DA:20,1
DA:31,1
DA:37,1
DA:43,1
DA:54,1
DA:65,1
DA:71,1
DA:77,1
DA:83,1
DA:90,1
DA:96,1
DA:108,1
DA:120,1
DA:127,1
DA:133,1
DA:143,1
DA:149,1
DA:155,1
DA:161,1
DA:167,1
DA:172,1
LF:23
LH:23
end_of_record
SF:packages/ai_sdk_provider/lib/src/language_model/language_model_v4_stream_result.dart
DA:7,1
LF:1
LH:1
end_of_record
SF:packages/ai_sdk_provider/lib/src/language_model/language_model_v4_tool.dart
DA:5,1
DA:16,1
DA:23,1
DA:50,1
DA:55,1
LF:5
LH:5
end_of_record
SF:packages/ai_sdk_provider/lib/src/language_model/language_model_v4_tool_choice.dart
DA:3,1
DA:8,1
DA:13,1
DA:18,1
DA:23,1
LF:5
LH:5
end_of_record
SF:packages/ai_sdk_provider/lib/src/language_model/language_model_v4_usage.dart
DA:3,5
DA:18,1
DA:20,5
DA:25,5
DA:47,5
LF:5
LH:5
end_of_record
SF:packages/ai_sdk_provider/lib/src/language_model/language_model_v4_warning.dart
DA:3,1
DA:9,1
DA:14,1
DA:22,1
DA:27,1
DA:35,1
DA:40,1
DA:48,1
DA:50,1
LF:9
LH:9
end_of_record
SF:packages/ai_sdk_provider/lib/src/embedding_model/embedding_model_v2_call_options.dart
DA:6,1
LF:1
LH:1
end_of_record
SF:packages/ai_sdk_provider/lib/src/embedding_model/embedding_model_v2_generate_result.dart
DA:5,1
DA:11,1
DA:22,1
LF:3
LH:3
end_of_record
SF:packages/ai_sdk_provider/lib/src/image_model/image_model_v3_call_options.dart
DA:7,1
DA:16,1
LF:2
LH:2
end_of_record
SF:packages/ai_sdk_provider/lib/src/image_model/image_model_v3_generate_result.dart
DA:7,1
DA:15,1
DA:21,1
DA:34,1
LF:4
LH:4
end_of_record
SF:packages/ai_sdk_provider/lib/src/speech_model/speech_model_v1.dart
DA:7,1
LF:1
LH:1
end_of_record
SF:packages/ai_sdk_provider/lib/src/speech_model/speech_model_v1_call_options.dart
DA:6,1
LF:1
LH:1
end_of_record
SF:packages/ai_sdk_provider/lib/src/transcription_model/transcription_model_v1.dart
DA:5,1
LF:1
LH:1
end_of_record
SF:packages/ai_sdk_provider/lib/src/transcription_model/transcription_model_v1_call_options.dart
DA:8,1
LF:1
LH:1
end_of_record
SF:packages/ai_sdk_provider/lib/src/rerank_model/rerank_model_v1.dart
DA:5,1
DA:13,1
LF:2
LH:2
end_of_record
SF:packages/ai_sdk_provider/lib/src/rerank_model/rerank_model_v1_call_options.dart
DA:6,1
LF:1
LH:1
end_of_record
SF:packages/ai_sdk_provider/lib/src/shared/dio_cancellation.dart
DA:9,1
DA:10,1
DA:11,1
DA:12,3
DA:13,4
DA:20,3
DA:22,1
DA:23,1
DA:24,1
DA:25,1
LF:10
LH:10
end_of_record
SF:packages/ai_sdk_provider/lib/src/shared/api_error.dart
DA:15,1
DA:19,3
DA:22,1
DA:23,3
DA:24,1
DA:25,1
DA:26,3
DA:28,2
DA:34,1
DA:36,1
DA:38,1
DA:39,3
DA:40,1
DA:47,1
DA:49,1
DA:50,2
DA:51,2
DA:53,1
LF:18
LH:18
end_of_record
SF:packages/ai_sdk_provider/lib/src/shared/json_helpers.dart
DA:5,1
DA:6,1
DA:7,2
DA:8,2
DA:16,1
DA:18,1
DA:25,1
DA:26,2
DA:27,1
LF:9
LH:9
end_of_record
SF:packages/ai_sdk_provider/lib/src/shared/provider_options.dart
DA:13,1
DA:14,1
DA:15,3
DA:17,2
DA:18,1
DA:23,1
DA:27,1
DA:28,3
DA:30,1
DA:31,1
LF:10
LH:10
end_of_record
SF:packages/ai_sdk_provider/lib/src/shared/provider_capability.dart
DA:7,1
LF:1
LH:1
end_of_record
SF:packages/ai_sdk_provider/lib/src/shared/sse.dart
DA:8,1
DA:10,2
DA:11,2
DA:12,1
DA:13,1
DA:15,2
DA:16,1
DA:17,1
DA:18,1
DA:19,1
DA:20,1
DA:24,1
DA:25,3
DA:26,1
DA:28,4
DA:29,2
DA:30,1
LF:17
LH:17
end_of_record
SF:packages/ai_sdk_provider/lib/src/errors/ai_errors.dart
DA:8,5
DA:12,1
DA:13,3
DA:18,1
DA:40,2
DA:77,2
DA:89,2
DA:101,2
DA:103,2
DA:108,2
DA:110,2
DA:111,2
DA:113,2
DA:114,4
DA:119,2
DA:120,2
DA:121,2
DA:129,2
DA:130,2
DA:131,2
DA:132,4
DA:133,7
DA:134,3
DA:135,1
DA:138,2
DA:141,2
DA:142,4
DA:144,2
DA:146,1
DA:148,2
DA:154,2
DA:155,2
DA:156,2
DA:157,2
DA:159,2
DA:175,1
DA:180,1
DA:185,1
DA:190,5
DA:192,4
DA:200,1
DA:206,1
DA:213,2
DA:220,1
DA:221,1
DA:225,2
DA:232,1
DA:233,1
DA:237,2
DA:244,1
DA:245,1
DA:249,2
DA:257,1
DA:262,1
DA:277,2
LF:55
LH:55
end_of_record
