SF:packages/ai_sdk_telemetry/lib/src/otlp_http_metric_sink.dart
DA:12,4
DA:25,8
DA:26,3
DA:28,8
DA:29,12
DA:30,12
DA:31,1
DA:32,1
DA:37,8
DA:38,8
DA:39,8
DA:40,8
DA:41,8
DA:42,1
DA:44,12
DA:45,1
DA:46,1
DA:51,8
DA:52,4
DA:54,4
DA:55,4
DA:56,4
DA:57,4
DA:89,18
DA:91,4
DA:93,8
DA:94,1
DA:95,1
DA:99,20
DA:100,1
DA:101,1
DA:105,4
DA:106,4
DA:107,4
DA:108,4
DA:109,4
DA:110,4
DA:111,4
DA:112,4
DA:113,4
DA:114,4
DA:115,4
DA:116,4
DA:122,24
DA:123,4
DA:124,2
DA:128,0
DA:131,28
DA:132,2
DA:133,1
DA:134,1
DA:138,2
DA:139,1
DA:140,1
DA:143,8
DA:144,16
DA:145,2
DA:146,5
DA:147,1
DA:153,4
DA:154,4
DA:155,5
DA:156,4
DA:158,4
DA:159,16
DA:160,4
DA:163,4
DA:164,4
DA:165,6
DA:166,8
DA:169,4
DA:170,4
DA:171,12
DA:172,4
DA:174,8
DA:176,2
DA:177,2
DA:181,3
DA:182,4
DA:187,2
DA:189,4
DA:190,10
DA:194,4
DA:195,8
DA:196,8
DA:197,4
DA:198,12
DA:199,4
DA:200,0
DA:201,0
DA:202,0
DA:208,4
DA:209,3
DA:211,3
DA:212,3
DA:213,3
DA:219,4
DA:220,16
DA:221,4
DA:222,21
DA:223,3
DA:224,1
DA:226,12
DA:227,8
DA:228,4
DA:232,3
DA:233,18
DA:234,3
DA:235,0
DA:236,0
DA:238,0
DA:240,6
DA:243,4
DA:244,6
DA:247,8
DA:248,2
DA:253,4
DA:254,4
DA:260,4
DA:261,12
DA:262,12
DA:263,0
DA:265,12
DA:268,1
DA:271,4
DA:273,12
DA:274,16
DA:275,4
DA:276,4
DA:277,3
DA:278,12
DA:279,2
DA:280,4
DA:281,2
DA:285,8
DA:289,8
DA:291,3
DA:294,2
DA:295,2
DA:296,0
DA:297,0
DA:298,0
DA:305,8
DA:306,4
DA:307,4
DA:308,12
DA:309,4
DA:310,4
DA:311,8
DA:312,4
DA:319,4
DA:322,4
DA:323,8
DA:324,24
DA:326,4
DA:327,4
DA:328,4
DA:329,4
DA:330,4
DA:331,4
DA:332,8
DA:339,8
DA:340,12
DA:341,8
DA:342,12
DA:345,4
DA:346,4
DA:347,6
DA:348,6
DA:349,0
DA:352,6
DA:353,6
DA:358,2
DA:363,4
DA:364,2
DA:367,4
DA:368,1
DA:369,1
DA:370,1
DA:371,1
DA:372,0
DA:373,0
DA:375,1
DA:376,1
DA:377,0
DA:381,3
DA:382,0
DA:385,1
DA:386,2
DA:387,2
DA:389,1
DA:391,1
DA:392,1
DA:395,1
DA:401,4
DA:402,4
DA:403,1
DA:407,3
DA:409,5
DA:415,4
DA:424,16
DA:426,4
DA:433,4
DA:434,4
DA:435,6
DA:436,4
DA:440,1
DA:441,6
DA:444,1
DA:448,6
DA:457,2
DA:463,4
DA:464,2
DA:465,1
DA:466,1
DA:467,2
DA:468,1
DA:472,1
DA:473,1
DA:474,2
DA:478,1
DA:483,1
LF:222
LH:206
end_of_record
